2020-12-20 14:54:19,791 [main] INFO  com.senla.main.SocialNetworkApplication  - Starting SocialNetworkApplication on DESKTOP-CL5H5Q9 with PID 15248 (C:\Users\Anton\Documents\SocialNetwork\main\target\classes started by Anton in C:\Users\Anton\Documents\SocialNetwork)
2020-12-20 14:54:19,801 [main] INFO  com.senla.main.SocialNetworkApplication  - No active profile set, falling back to default profiles: default
2020-12-20 14:54:24,353 [main] INFO  o.s.d.r.c.RepositoryConfigurationDelegate - Bootstrapping Spring Data JPA repositories in DEFAULT mode.
2020-12-20 14:54:24,609 [main] INFO  o.s.d.r.c.RepositoryConfigurationDelegate - Finished Spring Data repository scanning in 200ms. Found 10 JPA repository interfaces.
2020-12-20 14:54:26,167 [main] INFO  o.s.c.s.PostProcessorRegistrationDelegate$BeanPostProcessorChecker - Bean 'org.springframework.security.access.expression.method.DefaultMethodSecurityExpressionHandler@2f5b8250' of type [org.springframework.security.access.expression.method.DefaultMethodSecurityExpressionHandler] is not eligible for getting processed by all BeanPostProcessors (for example: not eligible for auto-proxying)
2020-12-20 14:54:26,180 [main] INFO  o.s.c.s.PostProcessorRegistrationDelegate$BeanPostProcessorChecker - Bean 'methodSecurityMetadataSource' of type [org.springframework.security.access.method.DelegatingMethodSecurityMetadataSource] is not eligible for getting processed by all BeanPostProcessors (for example: not eligible for auto-proxying)
2020-12-20 14:54:26,878 [main] INFO  o.s.b.w.embedded.tomcat.TomcatWebServer  - Tomcat initialized with port(s): 8182 (http)
2020-12-20 14:54:26,903 [main] INFO  org.apache.catalina.core.StandardService - Starting service [Tomcat]
2020-12-20 14:54:26,903 [main] INFO  org.apache.catalina.core.StandardEngine  - Starting Servlet engine: [Apache Tomcat/9.0.38]
2020-12-20 14:54:26,907 [main] INFO  o.a.catalina.core.AprLifecycleListener   - Loaded Apache Tomcat Native library [1.2.25] using APR version [1.7.0].
2020-12-20 14:54:26,907 [main] INFO  o.a.catalina.core.AprLifecycleListener   - APR capabilities: IPv6 [true], sendfile [true], accept filters [false], random [true].
2020-12-20 14:54:26,907 [main] INFO  o.a.catalina.core.AprLifecycleListener   - APR/OpenSSL configuration: useAprConnector [false], useOpenSSL [true]
2020-12-20 14:54:26,967 [main] INFO  o.a.catalina.core.AprLifecycleListener   - OpenSSL successfully initialized [OpenSSL 1.1.1g  21 Apr 2020]
2020-12-20 14:54:27,224 [main] INFO  o.a.c.c.C.[Tomcat].[localhost].[/]       - Initializing Spring embedded WebApplicationContext
2020-12-20 14:54:27,225 [main] INFO  o.s.b.w.s.c.ServletWebServerApplicationContext - Root WebApplicationContext: initialization completed in 7245 ms
2020-12-20 14:54:27,665 [main] INFO  o.hibernate.jpa.internal.util.LogHelper  - HHH000204: Processing PersistenceUnitInfo [name: default]
2020-12-20 14:54:27,808 [main] INFO  org.hibernate.Version                    - HHH000412: Hibernate ORM core version 5.4.21.Final
2020-12-20 14:54:28,211 [main] INFO  org.hibernate.annotations.common.Version - HCANN000001: Hibernate Commons Annotations {5.1.0.Final}
2020-12-20 14:54:28,483 [main] INFO  com.zaxxer.hikari.HikariDataSource       - HikariPool-1 - Starting...
2020-12-20 14:54:29,568 [main] INFO  com.zaxxer.hikari.HikariDataSource       - HikariPool-1 - Start completed.
2020-12-20 14:54:29,727 [main] INFO  org.hibernate.dialect.Dialect            - HHH000400: Using dialect: org.hibernate.dialect.MySQL5Dialect
2020-12-20 14:54:32,055 [main] INFO  o.h.e.t.j.p.i.JtaPlatformInitiator       - HHH000490: Using JtaPlatform implementation: [org.hibernate.engine.transaction.jta.platform.internal.NoJtaPlatform]
2020-12-20 14:54:32,092 [main] INFO  o.s.o.j.LocalContainerEntityManagerFactoryBean - Initialized JPA EntityManagerFactory for persistence unit 'default'
2020-12-20 14:54:33,977 [main] WARN  o.s.b.a.o.j.JpaBaseConfiguration$JpaWebConfiguration - spring.jpa.open-in-view is enabled by default. Therefore, database queries may be performed during view rendering. Explicitly configure spring.jpa.open-in-view to disable this warning
2020-12-20 14:54:34,527 [main] INFO  o.s.s.web.DefaultSecurityFilterChain     - Creating filter chain: any request, [org.springframework.security.web.context.request.async.WebAsyncManagerIntegrationFilter@2d97344c, org.springframework.security.web.context.SecurityContextPersistenceFilter@1fb61db4, org.springframework.security.web.header.HeaderWriterFilter@4202276, org.springframework.security.web.authentication.logout.LogoutFilter@28f3a218, com.senla.security.JwtTokenFilter@7f839ec5, org.springframework.security.web.savedrequest.RequestCacheAwareFilter@2eb9c7ad, org.springframework.security.web.servletapi.SecurityContextHolderAwareRequestFilter@3220833f, org.springframework.security.web.authentication.AnonymousAuthenticationFilter@23f539df, org.springframework.security.web.session.SessionManagementFilter@1db5de29, org.springframework.security.web.access.ExceptionTranslationFilter@52ab003b, org.springframework.security.web.access.intercept.FilterSecurityInterceptor@1239c268]
2020-12-20 14:54:34,659 [main] INFO  o.s.s.concurrent.ThreadPoolTaskExecutor  - Initializing ExecutorService 'applicationTaskExecutor'
2020-12-20 14:54:35,693 [main] INFO  o.s.b.w.embedded.tomcat.TomcatWebServer  - Tomcat started on port(s): 8182 (http) with context path ''
2020-12-20 14:54:35,716 [main] INFO  com.senla.main.SocialNetworkApplication  - Started SocialNetworkApplication in 16.973 seconds (JVM running for 19.847)
2020-12-20 14:54:39,891 [http-nio-8182-exec-2] INFO  o.a.c.c.C.[Tomcat].[localhost].[/]       - Initializing Spring DispatcherServlet 'dispatcherServlet'
2020-12-20 14:54:39,893 [http-nio-8182-exec-2] INFO  o.s.web.servlet.DispatcherServlet        - Initializing Servlet 'dispatcherServlet'
2020-12-20 14:54:39,929 [http-nio-8182-exec-2] INFO  o.s.web.servlet.DispatcherServlet        - Completed initialization in 36 ms
2020-12-20 14:54:41,155 [http-nio-8182-exec-2] INFO  com.senla.service.role.RoleServiceImpl   - Getting role by name
2020-12-20 14:54:41,156 [http-nio-8182-exec-2] WARN  com.senla.service.role.RoleServiceImpl   - No role found with this name
2020-12-20 14:59:07,736 [http-nio-8182-exec-5] INFO  com.senla.service.user.UserServiceImpl   - Finding user by user name
2020-12-20 14:59:07,949 [http-nio-8182-exec-5] INFO  com.senla.service.user.UserServiceImpl   - Finding user by user name
2020-12-20 14:59:07,956 [http-nio-8182-exec-5] INFO  com.senla.security.JwtUserDetailsService - In loadUserByUsername - user with username :antoxa555 successfully loaded
2020-12-20 14:59:24,767 [http-nio-8182-exec-6] INFO  com.senla.service.token.TokenServiceImpl - Finding token by number
2020-12-20 14:59:24,841 [http-nio-8182-exec-6] INFO  com.senla.service.user.UserServiceImpl   - Finding user by user name
2020-12-20 14:59:24,847 [http-nio-8182-exec-6] INFO  com.senla.security.JwtUserDetailsService - In loadUserByUsername - user with username :antoxa555 successfully loaded
2020-12-20 14:59:24,850 [http-nio-8182-exec-6] INFO  com.senla.service.token.TokenServiceImpl - Finding token by number
2020-12-20 14:59:24,853 [http-nio-8182-exec-6] INFO  com.senla.service.user.UserServiceImpl   - Finding user by user name
2020-12-20 14:59:24,861 [http-nio-8182-exec-6] INFO  com.senla.security.JwtUserDetailsService - In loadUserByUsername - user with username :antoxa555 successfully loaded
2020-12-20 14:59:24,922 [http-nio-8182-exec-6] INFO  c.s.s.community.CommunityServiceImpl     - Getting all communities
2020-12-20 15:00:05,452 [http-nio-8182-exec-7] INFO  com.senla.service.token.TokenServiceImpl - Finding token by number
2020-12-20 15:00:05,457 [http-nio-8182-exec-7] INFO  com.senla.service.user.UserServiceImpl   - Finding user by user name
2020-12-20 15:00:05,465 [http-nio-8182-exec-7] INFO  com.senla.security.JwtUserDetailsService - In loadUserByUsername - user with username :antoxa555 successfully loaded
2020-12-20 15:00:05,466 [http-nio-8182-exec-7] INFO  com.senla.service.token.TokenServiceImpl - Finding token by number
2020-12-20 15:00:05,471 [http-nio-8182-exec-7] INFO  com.senla.service.user.UserServiceImpl   - Finding user by user name
2020-12-20 15:00:05,478 [http-nio-8182-exec-7] INFO  com.senla.security.JwtUserDetailsService - In loadUserByUsername - user with username :antoxa555 successfully loaded
2020-12-20 15:00:05,481 [http-nio-8182-exec-7] INFO  c.s.s.community.CommunityServiceImpl     - Getting all communities
2020-12-20 15:00:27,347 [main] INFO  com.senla.main.SocialNetworkApplication  - Starting SocialNetworkApplication on DESKTOP-CL5H5Q9 with PID 13304 (C:\Users\Anton\Documents\SocialNetwork\main\target\classes started by Anton in C:\Users\Anton\Documents\SocialNetwork)
2020-12-20 15:00:27,353 [main] INFO  com.senla.main.SocialNetworkApplication  - No active profile set, falling back to default profiles: default
2020-12-20 15:00:28,701 [main] INFO  o.s.d.r.c.RepositoryConfigurationDelegate - Bootstrapping Spring Data JPA repositories in DEFAULT mode.
2020-12-20 15:00:28,825 [main] INFO  o.s.d.r.c.RepositoryConfigurationDelegate - Finished Spring Data repository scanning in 110ms. Found 10 JPA repository interfaces.
2020-12-20 15:00:29,625 [main] INFO  o.s.c.s.PostProcessorRegistrationDelegate$BeanPostProcessorChecker - Bean 'org.springframework.security.access.expression.method.DefaultMethodSecurityExpressionHandler@315f09ef' of type [org.springframework.security.access.expression.method.DefaultMethodSecurityExpressionHandler] is not eligible for getting processed by all BeanPostProcessors (for example: not eligible for auto-proxying)
2020-12-20 15:00:29,633 [main] INFO  o.s.c.s.PostProcessorRegistrationDelegate$BeanPostProcessorChecker - Bean 'methodSecurityMetadataSource' of type [org.springframework.security.access.method.DelegatingMethodSecurityMetadataSource] is not eligible for getting processed by all BeanPostProcessors (for example: not eligible for auto-proxying)
2020-12-20 15:00:30,047 [main] INFO  o.s.b.w.embedded.tomcat.TomcatWebServer  - Tomcat initialized with port(s): 8182 (http)
2020-12-20 15:00:30,063 [main] INFO  org.apache.catalina.core.StandardService - Starting service [Tomcat]
2020-12-20 15:00:30,063 [main] INFO  org.apache.catalina.core.StandardEngine  - Starting Servlet engine: [Apache Tomcat/9.0.38]
2020-12-20 15:00:30,065 [main] INFO  o.a.catalina.core.AprLifecycleListener   - Loaded Apache Tomcat Native library [1.2.25] using APR version [1.7.0].
2020-12-20 15:00:30,066 [main] INFO  o.a.catalina.core.AprLifecycleListener   - APR capabilities: IPv6 [true], sendfile [true], accept filters [false], random [true].
2020-12-20 15:00:30,066 [main] INFO  o.a.catalina.core.AprLifecycleListener   - APR/OpenSSL configuration: useAprConnector [false], useOpenSSL [true]
2020-12-20 15:00:30,070 [main] INFO  o.a.catalina.core.AprLifecycleListener   - OpenSSL successfully initialized [OpenSSL 1.1.1g  21 Apr 2020]
2020-12-20 15:00:30,278 [main] INFO  o.a.c.c.C.[Tomcat].[localhost].[/]       - Initializing Spring embedded WebApplicationContext
2020-12-20 15:00:30,278 [main] INFO  o.s.b.w.s.c.ServletWebServerApplicationContext - Root WebApplicationContext: initialization completed in 2808 ms
2020-12-20 15:00:30,533 [main] INFO  o.hibernate.jpa.internal.util.LogHelper  - HHH000204: Processing PersistenceUnitInfo [name: default]
2020-12-20 15:00:30,615 [main] INFO  org.hibernate.Version                    - HHH000412: Hibernate ORM core version 5.4.21.Final
2020-12-20 15:00:30,833 [main] INFO  org.hibernate.annotations.common.Version - HCANN000001: Hibernate Commons Annotations {5.1.0.Final}
2020-12-20 15:00:31,002 [main] INFO  com.zaxxer.hikari.HikariDataSource       - HikariPool-1 - Starting...
2020-12-20 15:00:31,351 [main] INFO  com.zaxxer.hikari.HikariDataSource       - HikariPool-1 - Start completed.
2020-12-20 15:00:31,378 [main] INFO  org.hibernate.dialect.Dialect            - HHH000400: Using dialect: org.hibernate.dialect.MySQL5Dialect
2020-12-20 15:00:33,449 [main] INFO  o.h.e.t.j.p.i.JtaPlatformInitiator       - HHH000490: Using JtaPlatform implementation: [org.hibernate.engine.transaction.jta.platform.internal.NoJtaPlatform]
2020-12-20 15:00:33,467 [main] INFO  o.s.o.j.LocalContainerEntityManagerFactoryBean - Initialized JPA EntityManagerFactory for persistence unit 'default'
2020-12-20 15:00:34,437 [main] WARN  o.s.b.a.o.j.JpaBaseConfiguration$JpaWebConfiguration - spring.jpa.open-in-view is enabled by default. Therefore, database queries may be performed during view rendering. Explicitly configure spring.jpa.open-in-view to disable this warning
2020-12-20 15:00:34,788 [main] INFO  o.s.s.web.DefaultSecurityFilterChain     - Creating filter chain: any request, [org.springframework.security.web.context.request.async.WebAsyncManagerIntegrationFilter@116efe65, org.springframework.security.web.context.SecurityContextPersistenceFilter@3b18009f, org.springframework.security.web.header.HeaderWriterFilter@37dc7661, org.springframework.security.web.authentication.logout.LogoutFilter@3d00e981, com.senla.security.JwtTokenFilter@118879d2, org.springframework.security.web.savedrequest.RequestCacheAwareFilter@1db5de29, org.springframework.security.web.servletapi.SecurityContextHolderAwareRequestFilter@74b521c, org.springframework.security.web.authentication.AnonymousAuthenticationFilter@1239c268, org.springframework.security.web.session.SessionManagementFilter@15afebcc, org.springframework.security.web.access.ExceptionTranslationFilter@1d51b6a8, org.springframework.security.web.access.intercept.FilterSecurityInterceptor@576a8b00]
2020-12-20 15:00:34,882 [main] INFO  o.s.s.concurrent.ThreadPoolTaskExecutor  - Initializing ExecutorService 'applicationTaskExecutor'
2020-12-20 15:00:35,693 [main] INFO  o.s.b.w.embedded.tomcat.TomcatWebServer  - Tomcat started on port(s): 8182 (http) with context path ''
2020-12-20 15:00:35,705 [main] INFO  com.senla.main.SocialNetworkApplication  - Started SocialNetworkApplication in 9.247 seconds (JVM running for 10.584)
2020-12-20 15:00:43,132 [http-nio-8182-exec-2] INFO  o.a.c.c.C.[Tomcat].[localhost].[/]       - Initializing Spring DispatcherServlet 'dispatcherServlet'
2020-12-20 15:00:43,133 [http-nio-8182-exec-2] INFO  o.s.web.servlet.DispatcherServlet        - Initializing Servlet 'dispatcherServlet'
2020-12-20 15:00:43,145 [http-nio-8182-exec-2] INFO  o.s.web.servlet.DispatcherServlet        - Completed initialization in 11 ms
2020-12-20 15:00:43,278 [http-nio-8182-exec-2] INFO  com.senla.service.token.TokenServiceImpl - Finding token by number
2020-12-20 15:00:43,478 [http-nio-8182-exec-2] INFO  com.senla.service.user.UserServiceImpl   - Finding user by user name
2020-12-20 15:00:43,567 [http-nio-8182-exec-2] INFO  com.senla.security.JwtUserDetailsService - In loadUserByUsername - user with username :antoxa555 successfully loaded
2020-12-20 15:00:43,577 [http-nio-8182-exec-2] INFO  com.senla.service.token.TokenServiceImpl - Finding token by number
2020-12-20 15:00:43,581 [http-nio-8182-exec-2] INFO  com.senla.service.user.UserServiceImpl   - Finding user by user name
2020-12-20 15:00:43,588 [http-nio-8182-exec-2] INFO  com.senla.security.JwtUserDetailsService - In loadUserByUsername - user with username :antoxa555 successfully loaded
2020-12-20 15:00:43,645 [http-nio-8182-exec-2] INFO  c.s.s.community.CommunityServiceImpl     - Getting all communities
2020-12-20 15:00:43,659 [http-nio-8182-exec-2] INFO  com.senla.controller.CommunityController - No communities
2020-12-20 15:01:15,088 [http-nio-8182-exec-3] INFO  com.senla.service.token.TokenServiceImpl - Finding token by number
2020-12-20 15:01:15,092 [http-nio-8182-exec-3] INFO  com.senla.service.user.UserServiceImpl   - Finding user by user name
2020-12-20 15:01:15,100 [http-nio-8182-exec-3] INFO  com.senla.security.JwtUserDetailsService - In loadUserByUsername - user with username :antoxa555 successfully loaded
2020-12-20 15:01:15,101 [http-nio-8182-exec-3] INFO  com.senla.service.token.TokenServiceImpl - Finding token by number
2020-12-20 15:01:15,104 [http-nio-8182-exec-3] INFO  com.senla.service.user.UserServiceImpl   - Finding user by user name
2020-12-20 15:01:15,110 [http-nio-8182-exec-3] INFO  com.senla.security.JwtUserDetailsService - In loadUserByUsername - user with username :antoxa555 successfully loaded
2020-12-20 15:01:15,214 [http-nio-8182-exec-3] INFO  com.senla.service.user.UserServiceImpl   - Getting user from security context
2020-12-20 15:01:15,214 [http-nio-8182-exec-3] INFO  com.senla.service.user.UserServiceImpl   - Finding user by user name
2020-12-20 15:01:15,222 [http-nio-8182-exec-3] INFO  com.senla.service.user.UserServiceImpl   - Getting user by id
2020-12-20 15:01:15,227 [http-nio-8182-exec-3] INFO  com.senla.service.user.UserServiceImpl   - Getting user by id
2020-12-20 15:01:15,232 [http-nio-8182-exec-3] INFO  com.senla.service.user.UserServiceImpl   - Getting user by id
2020-12-20 15:01:15,239 [http-nio-8182-exec-3] INFO  com.senla.service.user.UserServiceImpl   - Getting user by id
2020-12-20 15:01:15,242 [http-nio-8182-exec-3] INFO  com.senla.service.user.UserServiceImpl   - Getting user by id
2020-12-20 15:01:15,246 [http-nio-8182-exec-3] INFO  com.senla.service.user.UserServiceImpl   - Getting user by id
2020-12-20 15:01:15,248 [http-nio-8182-exec-3] INFO  c.s.s.community.CommunityServiceImpl     - Updating community
2020-12-20 15:01:15,515 [http-nio-8182-exec-3] INFO  com.senla.controller.CommunityController - Updating community
2020-12-20 15:01:56,868 [http-nio-8182-exec-5] INFO  com.senla.service.token.TokenServiceImpl - Finding token by number
2020-12-20 15:01:56,872 [http-nio-8182-exec-5] INFO  com.senla.service.user.UserServiceImpl   - Finding user by user name
2020-12-20 15:01:56,877 [http-nio-8182-exec-5] INFO  com.senla.security.JwtUserDetailsService - In loadUserByUsername - user with username :antoxa555 successfully loaded
2020-12-20 15:01:56,880 [http-nio-8182-exec-5] INFO  com.senla.service.token.TokenServiceImpl - Finding token by number
2020-12-20 15:01:56,884 [http-nio-8182-exec-5] INFO  com.senla.service.user.UserServiceImpl   - Finding user by user name
2020-12-20 15:01:56,892 [http-nio-8182-exec-5] INFO  com.senla.security.JwtUserDetailsService - In loadUserByUsername - user with username :antoxa555 successfully loaded
2020-12-20 15:01:56,901 [http-nio-8182-exec-5] INFO  com.senla.service.user.UserServiceImpl   - Getting user from security context
2020-12-20 15:01:56,901 [http-nio-8182-exec-5] INFO  com.senla.service.user.UserServiceImpl   - Finding user by user name
2020-12-20 15:01:56,907 [http-nio-8182-exec-5] INFO  c.s.s.community.CommunityServiceImpl     - Getting community by id
2020-12-20 15:01:56,913 [http-nio-8182-exec-5] INFO  c.s.s.community.CommunityServiceImpl     - Getting community by id
2020-12-20 15:01:56,914 [http-nio-8182-exec-5] INFO  c.s.s.community.CommunityServiceImpl     - Deleting community by id
2020-12-20 15:01:57,659 [http-nio-8182-exec-5] INFO  com.senla.controller.CommunityController - Deleting community
2020-12-20 18:07:34,951 [main] INFO  com.senla.main.SocialNetworkApplication  - Starting SocialNetworkApplication on DESKTOP-CL5H5Q9 with PID 22088 (C:\Users\Anton\Documents\SocialNetwork\main\target\classes started by Anton in C:\Users\Anton\Documents\SocialNetwork)
2020-12-20 18:07:34,958 [main] INFO  com.senla.main.SocialNetworkApplication  - No active profile set, falling back to default profiles: default
2020-12-20 18:07:36,198 [main] INFO  o.s.d.r.c.RepositoryConfigurationDelegate - Bootstrapping Spring Data JPA repositories in DEFAULT mode.
2020-12-20 18:07:36,316 [main] INFO  o.s.d.r.c.RepositoryConfigurationDelegate - Finished Spring Data repository scanning in 104ms. Found 10 JPA repository interfaces.
2020-12-20 18:07:36,993 [main] INFO  o.s.c.s.PostProcessorRegistrationDelegate$BeanPostProcessorChecker - Bean 'org.springframework.security.access.expression.method.DefaultMethodSecurityExpressionHandler@10b1a751' of type [org.springframework.security.access.expression.method.DefaultMethodSecurityExpressionHandler] is not eligible for getting processed by all BeanPostProcessors (for example: not eligible for auto-proxying)
2020-12-20 18:07:37,000 [main] INFO  o.s.c.s.PostProcessorRegistrationDelegate$BeanPostProcessorChecker - Bean 'methodSecurityMetadataSource' of type [org.springframework.security.access.method.DelegatingMethodSecurityMetadataSource] is not eligible for getting processed by all BeanPostProcessors (for example: not eligible for auto-proxying)
2020-12-20 18:07:37,318 [main] INFO  o.s.b.w.embedded.tomcat.TomcatWebServer  - Tomcat initialized with port(s): 8182 (http)
2020-12-20 18:07:37,330 [main] INFO  org.apache.catalina.core.StandardService - Starting service [Tomcat]
2020-12-20 18:07:37,330 [main] INFO  org.apache.catalina.core.StandardEngine  - Starting Servlet engine: [Apache Tomcat/9.0.38]
2020-12-20 18:07:37,332 [main] INFO  o.a.catalina.core.AprLifecycleListener   - Loaded Apache Tomcat Native library [1.2.25] using APR version [1.7.0].
2020-12-20 18:07:37,333 [main] INFO  o.a.catalina.core.AprLifecycleListener   - APR capabilities: IPv6 [true], sendfile [true], accept filters [false], random [true].
2020-12-20 18:07:37,333 [main] INFO  o.a.catalina.core.AprLifecycleListener   - APR/OpenSSL configuration: useAprConnector [false], useOpenSSL [true]
2020-12-20 18:07:37,337 [main] INFO  o.a.catalina.core.AprLifecycleListener   - OpenSSL successfully initialized [OpenSSL 1.1.1g  21 Apr 2020]
2020-12-20 18:07:37,519 [main] INFO  o.a.c.c.C.[Tomcat].[localhost].[/]       - Initializing Spring embedded WebApplicationContext
2020-12-20 18:07:37,519 [main] INFO  o.s.b.w.s.c.ServletWebServerApplicationContext - Root WebApplicationContext: initialization completed in 2447 ms
2020-12-20 18:07:37,752 [main] INFO  o.hibernate.jpa.internal.util.LogHelper  - HHH000204: Processing PersistenceUnitInfo [name: default]
2020-12-20 18:07:37,839 [main] INFO  org.hibernate.Version                    - HHH000412: Hibernate ORM core version 5.4.21.Final
2020-12-20 18:07:38,052 [main] INFO  org.hibernate.annotations.common.Version - HCANN000001: Hibernate Commons Annotations {5.1.0.Final}
2020-12-20 18:07:38,233 [main] INFO  com.zaxxer.hikari.HikariDataSource       - HikariPool-1 - Starting...
2020-12-20 18:07:38,588 [main] INFO  com.zaxxer.hikari.HikariDataSource       - HikariPool-1 - Start completed.
2020-12-20 18:07:38,611 [main] INFO  org.hibernate.dialect.Dialect            - HHH000400: Using dialect: org.hibernate.dialect.MySQL5Dialect
2020-12-20 18:07:40,424 [main] INFO  o.h.e.t.j.p.i.JtaPlatformInitiator       - HHH000490: Using JtaPlatform implementation: [org.hibernate.engine.transaction.jta.platform.internal.NoJtaPlatform]
2020-12-20 18:07:40,437 [main] INFO  o.s.o.j.LocalContainerEntityManagerFactoryBean - Initialized JPA EntityManagerFactory for persistence unit 'default'
2020-12-20 18:07:41,381 [main] WARN  o.s.b.a.o.j.JpaBaseConfiguration$JpaWebConfiguration - spring.jpa.open-in-view is enabled by default. Therefore, database queries may be performed during view rendering. Explicitly configure spring.jpa.open-in-view to disable this warning
2020-12-20 18:07:41,783 [main] INFO  o.s.s.web.DefaultSecurityFilterChain     - Creating filter chain: any request, [org.springframework.security.web.context.request.async.WebAsyncManagerIntegrationFilter@8de4206, org.springframework.security.web.context.SecurityContextPersistenceFilter@1174e173, org.springframework.security.web.header.HeaderWriterFilter@1832b0f6, org.springframework.security.web.authentication.logout.LogoutFilter@3220833f, com.senla.security.JwtTokenFilter@10f384a2, org.springframework.security.web.savedrequest.RequestCacheAwareFilter@1771d6a5, org.springframework.security.web.servletapi.SecurityContextHolderAwareRequestFilter@4202276, org.springframework.security.web.authentication.AnonymousAuthenticationFilter@57fae911, org.springframework.security.web.session.SessionManagementFilter@21f94fe3, org.springframework.security.web.access.ExceptionTranslationFilter@7a7bd9a8, org.springframework.security.web.access.intercept.FilterSecurityInterceptor@496e0f9d]
2020-12-20 18:07:41,877 [main] INFO  o.s.s.concurrent.ThreadPoolTaskExecutor  - Initializing ExecutorService 'applicationTaskExecutor'
2020-12-20 18:07:42,690 [main] INFO  o.s.b.w.embedded.tomcat.TomcatWebServer  - Tomcat started on port(s): 8182 (http) with context path ''
2020-12-20 18:07:42,701 [main] INFO  com.senla.main.SocialNetworkApplication  - Started SocialNetworkApplication in 8.547 seconds (JVM running for 9.996)
2020-12-20 18:07:50,653 [http-nio-8182-exec-1] INFO  o.a.c.c.C.[Tomcat].[localhost].[/]       - Initializing Spring DispatcherServlet 'dispatcherServlet'
2020-12-20 18:07:50,654 [http-nio-8182-exec-1] INFO  o.s.web.servlet.DispatcherServlet        - Initializing Servlet 'dispatcherServlet'
2020-12-20 18:07:50,663 [http-nio-8182-exec-1] INFO  o.s.web.servlet.DispatcherServlet        - Completed initialization in 9 ms
2020-12-20 18:07:50,901 [http-nio-8182-exec-1] INFO  com.senla.service.user.UserServiceImpl   - Finding user by user name
2020-12-20 18:07:51,265 [http-nio-8182-exec-1] INFO  com.senla.service.user.UserServiceImpl   - Finding user by user name
2020-12-20 18:07:51,271 [http-nio-8182-exec-1] INFO  com.senla.security.JwtUserDetailsService - In loadUserByUsername - user with username :antoxa555 successfully loaded
2020-12-20 18:08:15,984 [http-nio-8182-exec-3] INFO  com.senla.service.token.TokenServiceImpl - Finding token by number
2020-12-20 18:08:15,994 [http-nio-8182-exec-3] INFO  com.senla.service.user.UserServiceImpl   - Finding user by user name
2020-12-20 18:08:16,003 [http-nio-8182-exec-3] INFO  com.senla.security.JwtUserDetailsService - In loadUserByUsername - user with username :antoxa555 successfully loaded
2020-12-20 18:08:16,005 [http-nio-8182-exec-3] INFO  com.senla.service.token.TokenServiceImpl - Finding token by number
2020-12-20 18:08:16,009 [http-nio-8182-exec-3] INFO  com.senla.service.user.UserServiceImpl   - Finding user by user name
2020-12-20 18:08:16,017 [http-nio-8182-exec-3] INFO  com.senla.security.JwtUserDetailsService - In loadUserByUsername - user with username :antoxa555 successfully loaded
2020-12-20 18:08:16,063 [http-nio-8182-exec-3] INFO  c.senla.service.dialog.DialogServiceImpl - Getting dialog by id
2020-12-20 20:06:53,266 [HikariPool-1 housekeeper] WARN  com.zaxxer.hikari.pool.HikariPool        - HikariPool-1 - Thread starvation or clock leap detected (housekeeper delta=29m43s140ms951µs500ns).
2020-12-20 21:37:55,427 [HikariPool-1 housekeeper] WARN  com.zaxxer.hikari.pool.HikariPool        - HikariPool-1 - Thread starvation or clock leap detected (housekeeper delta=1h24m32s71ms575µs300ns).
